TN:
SF:src/modules/appointments/services/CreateAppointmentService.ts
FN:91,__decorate
FN:91,__metadata
FN:91,__param
FN:91,__awaiter
FN:91,adopt
FN:91,fulfilled
FN:91,rejected
FN:91,step
FN:91,__generator
FN:91,sent
FN:91,g.<computed>
FN:91,verb
FN:91,step
FN:91,__importDefault
FN:21,CreateAppointmentService
FN:35,CreateAppointmentService.execute
FNF:16
FNH:14
FNDA:1,__decorate
FNDA:1,__metadata
FNDA:4,__param
FNDA:7,__awaiter
FNDA:19,adopt
FNDA:19,fulfilled
FNDA:0,rejected
FNDA:21,step
FNDA:7,__generator
FNDA:19,sent
FNDA:0,g.<computed>
FNDA:21,verb
FNDA:26,step
FNDA:1,__importDefault
FNDA:5,CreateAppointmentService
FNDA:7,CreateAppointmentService.execute
DA:1,1
DA:2,1
DA:3,1
DA:4,1
DA:5,1
DA:6,1
DA:7,1
DA:8,1
DA:9,1
DA:10,1
DA:11,1
DA:12,1
DA:13,1
DA:14,1
DA:15,1
DA:16,1
DA:17,1
DA:18,1
DA:19,1
DA:20,1
DA:21,1
DA:22,5
DA:23,5
DA:24,5
DA:25,5
DA:26,5
DA:27,5
DA:28,5
DA:29,5
DA:30,5
DA:31,5
DA:32,5
DA:33,5
DA:34,1
DA:35,1
DA:36,7
DA:37,7
DA:38,7
DA:39,7
DA:40,7
DA:41,7
DA:42,7
DA:43,7
DA:44,7
DA:45,7
DA:46,7
DA:47,6
DA:48,6
DA:49,6
DA:50,6
DA:51,6
DA:52,7
DA:53,7
DA:54,7
DA:55,5
DA:56,5
DA:57,7
DA:58,5
DA:59,5
DA:60,7
DA:61,4
DA:62,7
DA:63,7
DA:64,2
DA:65,2
DA:66,2
DA:67,2
DA:68,2
DA:69,2
DA:70,2
DA:71,2
DA:72,7
DA:73,7
DA:74,7
DA:75,7
DA:76,7
DA:77,7
DA:78,7
DA:79,7
DA:80,7
DA:81,7
DA:82,7
DA:83,7
DA:84,7
DA:85,7
DA:86,7
DA:87,7
DA:88,7
DA:89,1
DA:90,1
DA:91,1
LF:91
LH:91
BRDA:91,0,0,1
BRDA:91,1,0,1
BRDA:91,2,0,0
BRDA:91,3,0,0
BRDA:91,4,0,0
BRDA:91,5,0,0
BRDA:91,6,0,1
BRDA:91,7,0,4
BRDA:91,8,0,4
BRDA:91,9,0,7
BRDA:91,10,0,19
BRDA:91,11,0,0
BRDA:91,12,0,7
BRDA:91,13,0,19
BRDA:91,14,0,14
BRDA:91,15,0,5
BRDA:91,16,0,21
BRDA:91,17,0,2
BRDA:91,18,0,19
BRDA:91,19,0,7
BRDA:91,20,0,19
BRDA:91,21,0,0
BRDA:91,22,0,21
BRDA:91,23,0,26
BRDA:91,24,0,26
BRDA:91,25,0,0
BRDA:91,26,0,52
BRDA:91,27,0,0
BRDA:91,28,0,0
BRDA:91,29,0,0
BRDA:91,30,0,0
BRDA:91,31,0,26
BRDA:91,32,0,26
BRDA:91,33,0,19
BRDA:91,34,0,0
BRDA:91,35,0,0
BRDA:91,36,0,7
BRDA:91,37,0,0
BRDA:91,38,0,2
BRDA:91,39,0,0
BRDA:91,40,0,0
BRDA:91,41,0,0
BRDA:91,42,0,0
BRDA:91,43,0,26
BRDA:91,44,0,21
BRDA:91,45,0,5
BRDA:91,46,0,26
BRDA:91,47,0,7
BRDA:91,48,0,5
BRDA:91,49,0,2
BRDA:91,50,0,0
BRDA:91,51,0,1
BRDA:91,52,0,0
BRDA:20,53,0,1
BRDA:21,54,0,5
BRDA:35,55,0,7
BRDA:91,56,0,7
BRDA:91,57,0,26
BRDA:91,58,0,7
BRDA:91,59,0,7
BRDA:46,60,0,1
BRDA:46,61,0,6
BRDA:91,62,0,6
BRDA:54,63,0,1
BRDA:54,64,0,5
BRDA:57,65,0,0
BRDA:57,66,0,5
BRDA:60,67,0,1
BRDA:60,68,0,4
BRDA:62,69,0,3
BRDA:63,70,0,2
BRDA:91,71,0,2
BRDA:91,72,0,2
BRDA:91,73,0,2
BRF:74
BRH:53
end_of_record
TN:
SF:src/modules/appointments/services/ListProviderAppointmentsService.ts
FN:54,__decorate
FN:54,__metadata
FN:54,__param
FN:54,__awaiter
FN:54,adopt
FN:54,fulfilled
FN:54,rejected
FN:54,step
FN:54,__generator
FN:54,sent
FN:54,g.<computed>
FN:54,verb
FN:54,step
FN:17,ListProviderAppointmentsService
FN:25,ListProviderAppointmentsService.execute
FNF:15
FNH:13
FNDA:1,__decorate
FNDA:1,__metadata
FNDA:2,__param
FNDA:1,__awaiter
FNDA:3,adopt
FNDA:3,fulfilled
FNDA:0,rejected
FNDA:4,step
FNDA:1,__generator
FNDA:3,sent
FNDA:0,g.<computed>
FNDA:3,verb
FNDA:4,step
FNDA:1,ListProviderAppointmentsService
FNDA:1,ListProviderAppointmentsService.execute
DA:1,1
DA:2,1
DA:3,1
DA:4,1
DA:5,1
DA:6,1
DA:7,1
DA:8,1
DA:9,1
DA:10,1
DA:11,1
DA:12,1
DA:13,1
DA:14,1
DA:15,1
DA:16,1
DA:17,1
DA:18,1
DA:19,1
DA:20,1
DA:21,1
DA:22,1
DA:23,1
DA:24,1
DA:25,1
DA:26,1
DA:27,1
DA:28,1
DA:29,1
DA:30,1
DA:31,1
DA:32,1
DA:33,1
DA:34,1
DA:35,1
DA:36,1
DA:37,1
DA:38,1
DA:39,1
DA:40,1
DA:41,1
DA:42,1
DA:43,1
DA:44,1
DA:45,1
DA:46,1
DA:47,1
DA:48,1
DA:49,1
DA:50,1
DA:51,1
DA:52,1
DA:53,1
DA:54,1
LF:54
LH:54
BRDA:54,0,0,1
BRDA:54,1,0,1
BRDA:54,2,0,0
BRDA:54,3,0,0
BRDA:54,4,0,0
BRDA:54,5,0,0
BRDA:54,6,0,1
BRDA:54,7,0,2
BRDA:54,8,0,2
BRDA:54,9,0,1
BRDA:54,10,0,3
BRDA:54,11,0,0
BRDA:54,12,0,1
BRDA:54,13,0,3
BRDA:54,14,0,0
BRDA:54,15,0,4
BRDA:54,16,0,1
BRDA:54,17,0,3
BRDA:54,18,0,1
BRDA:54,19,0,3
BRDA:54,20,0,0
BRDA:54,21,0,3
BRDA:54,22,0,4
BRDA:54,23,0,4
BRDA:54,24,0,0
BRDA:54,25,0,8
BRDA:54,26,0,0
BRDA:54,27,0,0
BRDA:54,28,0,0
BRDA:54,29,0,0
BRDA:54,30,0,4
BRDA:54,31,0,4
BRDA:54,32,0,3
BRDA:54,33,0,0
BRDA:54,34,0,0
BRDA:54,35,0,1
BRDA:54,36,0,0
BRDA:54,37,0,0
BRDA:54,38,0,0
BRDA:54,39,0,0
BRDA:54,40,0,0
BRDA:54,41,0,4
BRDA:54,42,0,0
BRDA:54,43,0,4
BRDA:54,44,0,1
BRDA:54,45,0,0
BRDA:54,46,0,1
BRDA:54,47,0,0
BRDA:16,48,0,1
BRDA:17,49,0,1
BRDA:25,50,0,1
BRDA:54,51,0,1
BRDA:54,52,0,4
BRDA:54,53,0,1
BRDA:54,54,0,1
BRDA:37,55,0,0
BRDA:54,56,0,1
BRDA:54,57,0,1
BRDA:50,58,0,1
BRF:59
BRH:36
end_of_record
TN:
SF:src/modules/appointments/services/ListProviderDayAvailabilityService.ts
FN:66,__decorate
FN:66,__metadata
FN:66,__param
FN:66,__awaiter
FN:66,adopt
FN:66,fulfilled
FN:66,rejected
FN:66,step
FN:66,__generator
FN:66,sent
FN:66,g.<computed>
FN:66,verb
FN:66,step
FN:20,ListProviderDayAvailabilityService
FN:25,ListProviderDayAvailabilityService.execute
FNF:15
FNH:13
FNDA:1,__decorate
FNDA:1,__metadata
FNDA:1,__param
FNDA:1,__awaiter
FNDA:1,adopt
FNDA:1,fulfilled
FNDA:0,rejected
FNDA:2,step
FNDA:1,__generator
FNDA:1,sent
FNDA:0,g.<computed>
FNDA:3,verb
FNDA:2,step
FNDA:1,ListProviderDayAvailabilityService
FNDA:1,ListProviderDayAvailabilityService.execute
DA:1,1
DA:2,1
DA:3,1
DA:4,1
DA:5,1
DA:6,1
DA:7,1
DA:8,1
DA:9,1
DA:10,1
DA:11,1
DA:12,1
DA:13,1
DA:14,1
DA:15,1
DA:16,1
DA:17,1
DA:18,1
DA:19,1
DA:20,1
DA:21,1
DA:22,1
DA:23,1
DA:24,1
DA:25,1
DA:26,1
DA:27,1
DA:28,1
DA:29,1
DA:30,1
DA:31,1
DA:32,1
DA:33,1
DA:34,1
DA:35,1
DA:36,1
DA:37,1
DA:38,1
DA:39,1
DA:40,1
DA:41,1
DA:42,1
DA:43,1
DA:44,1
DA:45,1
DA:46,1
DA:47,1
DA:48,1
DA:49,1
DA:50,10
DA:51,10
DA:52,10
DA:53,10
DA:54,10
DA:55,10
DA:56,10
DA:57,10
DA:58,10
DA:59,10
DA:60,1
DA:61,1
DA:62,1
DA:63,1
DA:64,1
DA:65,1
DA:66,1
LF:66
LH:66
BRDA:66,0,0,1
BRDA:66,1,0,1
BRDA:66,2,0,0
BRDA:66,3,0,0
BRDA:66,4,0,0
BRDA:66,5,0,0
BRDA:66,6,0,1
BRDA:66,7,0,1
BRDA:66,8,0,1
BRDA:66,9,0,1
BRDA:66,10,0,1
BRDA:66,11,0,0
BRDA:66,12,0,1
BRDA:66,13,0,1
BRDA:66,14,0,0
BRDA:66,15,0,2
BRDA:66,16,0,1
BRDA:66,17,0,1
BRDA:66,18,0,1
BRDA:66,19,0,1
BRDA:66,20,0,0
BRDA:66,21,0,3
BRDA:66,22,0,2
BRDA:66,23,0,2
BRDA:66,24,0,0
BRDA:66,25,0,4
BRDA:66,26,0,0
BRDA:66,27,0,0
BRDA:66,28,0,0
BRDA:66,29,0,0
BRDA:66,30,0,2
BRDA:66,31,0,2
BRDA:66,32,0,1
BRDA:66,33,0,0
BRDA:66,34,0,0
BRDA:66,35,0,1
BRDA:66,36,0,0
BRDA:66,37,0,0
BRDA:66,38,0,0
BRDA:66,39,0,0
BRDA:66,40,0,0
BRDA:66,41,0,2
BRDA:66,42,0,0
BRDA:66,43,0,2
BRDA:66,44,0,1
BRDA:66,45,0,0
BRDA:66,46,0,1
BRDA:66,47,0,0
BRDA:19,48,0,1
BRDA:20,49,0,1
BRDA:25,50,0,1
BRDA:66,51,0,1
BRDA:66,52,0,2
BRDA:31,53,0,1
BRDA:66,54,0,1
BRDA:44,55,0,10
BRDA:49,56,0,10
BRDA:58,57,0,8
BRDA:51,58,0,19
BRF:59
BRH:37
end_of_record
TN:
SF:src/modules/appointments/services/ListProviderMonthAvailabilityService.ts
FN:63,__decorate
FN:63,__metadata
FN:63,__param
FN:63,__awaiter
FN:63,adopt
FN:63,fulfilled
FN:63,rejected
FN:63,step
FN:63,__generator
FN:63,sent
FN:63,g.<computed>
FN:63,verb
FN:63,step
FN:19,ListProviderMonthAvailabilityService
FN:24,ListProviderMonthAvailabilityService.execute
FNF:15
FNH:13
FNDA:1,__decorate
FNDA:1,__metadata
FNDA:1,__param
FNDA:1,__awaiter
FNDA:1,adopt
FNDA:1,fulfilled
FNDA:0,rejected
FNDA:2,step
FNDA:1,__generator
FNDA:1,sent
FNDA:0,g.<computed>
FNDA:3,verb
FNDA:2,step
FNDA:1,ListProviderMonthAvailabilityService
FNDA:1,ListProviderMonthAvailabilityService.execute
DA:1,1
DA:2,1
DA:3,1
DA:4,1
DA:5,1
DA:6,1
DA:7,1
DA:8,1
DA:9,1
DA:10,1
DA:11,1
DA:12,1
DA:13,1
DA:14,1
DA:15,1
DA:16,1
DA:17,1
DA:18,1
DA:19,1
DA:20,1
DA:21,1
DA:22,1
DA:23,1
DA:24,1
DA:25,1
DA:26,1
DA:27,1
DA:28,1
DA:29,1
DA:30,1
DA:31,1
DA:32,1
DA:33,1
DA:34,1
DA:35,1
DA:36,1
DA:37,1
DA:38,1
DA:39,1
DA:40,1
DA:41,1
DA:42,1
DA:43,1
DA:44,1
DA:45,31
DA:46,31
DA:47,31
DA:48,341
DA:49,31
DA:50,31
DA:51,31
DA:52,31
DA:53,31
DA:54,31
DA:55,31
DA:56,31
DA:57,1
DA:58,1
DA:59,1
DA:60,1
DA:61,1
DA:62,1
DA:63,1
LF:63
LH:63
BRDA:63,0,0,1
BRDA:63,1,0,1
BRDA:63,2,0,0
BRDA:63,3,0,0
BRDA:63,4,0,0
BRDA:63,5,0,0
BRDA:63,6,0,1
BRDA:63,7,0,1
BRDA:63,8,0,1
BRDA:63,9,0,1
BRDA:63,10,0,1
BRDA:63,11,0,0
BRDA:63,12,0,1
BRDA:63,13,0,1
BRDA:63,14,0,0
BRDA:63,15,0,2
BRDA:63,16,0,1
BRDA:63,17,0,1
BRDA:63,18,0,1
BRDA:63,19,0,1
BRDA:63,20,0,0
BRDA:63,21,0,3
BRDA:63,22,0,2
BRDA:63,23,0,2
BRDA:63,24,0,0
BRDA:63,25,0,4
BRDA:63,26,0,0
BRDA:63,27,0,0
BRDA:63,28,0,0
BRDA:63,29,0,0
BRDA:63,30,0,2
BRDA:63,31,0,2
BRDA:63,32,0,1
BRDA:63,33,0,0
BRDA:63,34,0,0
BRDA:63,35,0,1
BRDA:63,36,0,0
BRDA:63,37,0,0
BRDA:63,38,0,0
BRDA:63,39,0,0
BRDA:63,40,0,0
BRDA:63,41,0,2
BRDA:63,42,0,0
BRDA:63,43,0,2
BRDA:63,44,0,1
BRDA:63,45,0,0
BRDA:63,46,0,1
BRDA:63,47,0,0
BRDA:18,48,0,1
BRDA:19,49,0,1
BRDA:24,50,0,1
BRDA:63,51,0,1
BRDA:63,52,0,2
BRDA:29,53,0,1
BRDA:63,54,0,1
BRDA:41,55,0,31
BRDA:44,56,0,31
BRDA:47,57,0,341
BRF:58
BRH:36
end_of_record
TN:
SF:src/modules/appointments/services/ListProvidersService.ts
FN:43,__decorate
FN:43,__metadata
FN:43,__param
FN:43,__awaiter
FN:43,adopt
FN:43,fulfilled
FN:43,rejected
FN:43,step
FN:43,__generator
FN:43,sent
FN:43,g.<computed>
FN:43,verb
FN:43,step
FN:15,ListProvidersService
FN:23,ListProvidersService.execute
FNF:15
FNH:13
FNDA:1,__decorate
FNDA:1,__metadata
FNDA:2,__param
FNDA:1,__awaiter
FNDA:3,adopt
FNDA:3,fulfilled
FNDA:0,rejected
FNDA:4,step
FNDA:1,__generator
FNDA:3,sent
FNDA:0,g.<computed>
FNDA:3,verb
FNDA:4,step
FNDA:1,ListProvidersService
FNDA:1,ListProvidersService.execute
DA:1,1
DA:2,1
DA:3,1
DA:4,1
DA:5,1
DA:6,1
DA:7,1
DA:8,1
DA:9,1
DA:10,1
DA:11,1
DA:12,1
DA:13,1
DA:14,1
DA:15,1
DA:16,1
DA:17,1
DA:18,1
DA:19,1
DA:20,1
DA:21,1
DA:22,1
DA:23,1
DA:24,1
DA:25,1
DA:26,1
DA:27,1
DA:28,1
DA:29,1
DA:30,1
DA:31,1
DA:32,1
DA:33,1
DA:34,1
DA:35,1
DA:36,1
DA:37,1
DA:38,1
DA:39,1
DA:40,1
DA:41,1
DA:42,1
DA:43,1
LF:43
LH:43
BRDA:43,0,0,1
BRDA:43,1,0,1
BRDA:43,2,0,0
BRDA:43,3,0,0
BRDA:43,4,0,0
BRDA:43,5,0,0
BRDA:43,6,0,1
BRDA:43,7,0,2
BRDA:43,8,0,2
BRDA:43,9,0,1
BRDA:43,10,0,3
BRDA:43,11,0,0
BRDA:43,12,0,1
BRDA:43,13,0,3
BRDA:43,14,0,0
BRDA:43,15,0,4
BRDA:43,16,0,1
BRDA:43,17,0,3
BRDA:43,18,0,1
BRDA:43,19,0,3
BRDA:43,20,0,0
BRDA:43,21,0,3
BRDA:43,22,0,4
BRDA:43,23,0,4
BRDA:43,24,0,0
BRDA:43,25,0,8
BRDA:43,26,0,0
BRDA:43,27,0,0
BRDA:43,28,0,0
BRDA:43,29,0,0
BRDA:43,30,0,4
BRDA:43,31,0,4
BRDA:43,32,0,3
BRDA:43,33,0,0
BRDA:43,34,0,0
BRDA:43,35,0,1
BRDA:43,36,0,0
BRDA:43,37,0,0
BRDA:43,38,0,0
BRDA:43,39,0,0
BRDA:43,40,0,0
BRDA:43,41,0,4
BRDA:43,42,0,0
BRDA:43,43,0,4
BRDA:43,44,0,1
BRDA:43,45,0,0
BRDA:43,46,0,1
BRDA:43,47,0,0
BRDA:14,48,0,1
BRDA:15,49,0,1
BRDA:23,50,0,1
BRDA:43,51,0,1
BRDA:43,52,0,4
BRDA:24,53,0,1
BRDA:43,54,0,1
BRDA:28,55,0,0
BRDA:43,56,0,1
BRDA:43,57,0,1
BRDA:39,58,0,1
BRF:59
BRH:36
end_of_record
TN:
SF:src/modules/users/services/AuthenticateUserService.ts
FN:58,__decorate
FN:58,__metadata
FN:58,__param
FN:58,__awaiter
FN:58,adopt
FN:58,fulfilled
FN:58,rejected
FN:58,step
FN:58,__generator
FN:58,sent
FN:58,g.<computed>
FN:58,verb
FN:58,step
FN:58,__importDefault
FN:23,AuthenticateUserService
FN:31,AuthenticateUserService.execute
FNF:16
FNH:14
FNDA:1,__decorate
FNDA:1,__metadata
FNDA:2,__param
FNDA:3,__awaiter
FNDA:5,adopt
FNDA:5,fulfilled
FNDA:0,rejected
FNDA:6,step
FNDA:3,__generator
FNDA:5,sent
FNDA:0,g.<computed>
FNDA:9,verb
FNDA:8,step
FNDA:2,__importDefault
FNDA:3,AuthenticateUserService
FNDA:3,AuthenticateUserService.execute
DA:1,1
DA:2,1
DA:3,1
DA:4,1
DA:5,1
DA:6,1
DA:7,1
DA:8,1
DA:9,1
DA:10,1
DA:11,1
DA:12,1
DA:13,1
DA:14,1
DA:15,1
DA:16,1
DA:17,1
DA:18,1
DA:19,1
DA:20,1
DA:21,1
DA:22,1
DA:23,1
DA:24,3
DA:25,3
DA:26,3
DA:27,3
DA:28,3
DA:29,3
DA:30,1
DA:31,1
DA:32,3
DA:33,3
DA:34,3
DA:35,2
DA:36,2
DA:37,2
DA:38,2
DA:39,2
DA:40,3
DA:41,3
DA:42,3
DA:43,1
DA:44,1
DA:45,1
DA:46,1
DA:47,1
DA:48,1
DA:49,1
DA:50,1
DA:51,1
DA:52,1
DA:53,1
DA:54,1
DA:55,3
DA:56,1
DA:57,1
DA:58,1
LF:58
LH:58
BRDA:58,0,0,1
BRDA:58,1,0,1
BRDA:58,2,0,0
BRDA:58,3,0,0
BRDA:58,4,0,0
BRDA:58,5,0,0
BRDA:58,6,0,1
BRDA:58,7,0,2
BRDA:58,8,0,2
BRDA:58,9,0,3
BRDA:58,10,0,5
BRDA:58,11,0,0
BRDA:58,12,0,3
BRDA:58,13,0,5
BRDA:58,14,0,3
BRDA:58,15,0,2
BRDA:58,16,0,6
BRDA:58,17,0,1
BRDA:58,18,0,5
BRDA:58,19,0,3
BRDA:58,20,0,5
BRDA:58,21,0,0
BRDA:58,22,0,9
BRDA:58,23,0,8
BRDA:58,24,0,8
BRDA:58,25,0,0
BRDA:58,26,0,16
BRDA:58,27,0,0
BRDA:58,28,0,0
BRDA:58,29,0,0
BRDA:58,30,0,0
BRDA:58,31,0,8
BRDA:58,32,0,8
BRDA:58,33,0,5
BRDA:58,34,0,0
BRDA:58,35,0,0
BRDA:58,36,0,3
BRDA:58,37,0,0
BRDA:58,38,0,1
BRDA:58,39,0,0
BRDA:58,40,0,0
BRDA:58,41,0,0
BRDA:58,42,0,0
BRDA:58,43,0,8
BRDA:58,44,0,6
BRDA:58,45,0,2
BRDA:58,46,0,8
BRDA:58,47,0,3
BRDA:58,48,0,2
BRDA:58,49,0,1
BRDA:58,50,0,0
BRDA:58,51,0,2
BRDA:58,52,0,0
BRDA:22,53,0,1
BRDA:23,54,0,3
BRDA:31,55,0,3
BRDA:58,56,0,3
BRDA:58,57,0,8
BRDA:32,58,0,3
BRDA:58,59,0,3
BRDA:34,60,0,1
BRDA:34,61,0,2
BRDA:58,62,0,2
BRDA:42,63,0,1
BRF:64
BRH:44
end_of_record
TN:
SF:src/modules/users/services/CreateUserService.ts
FN:48,__decorate
FN:48,__metadata
FN:48,__param
FN:48,__awaiter
FN:48,adopt
FN:48,fulfilled
FN:48,rejected
FN:48,step
FN:48,__generator
FN:48,sent
FN:48,g.<computed>
FN:48,verb
FN:48,step
FN:48,__importDefault
FN:18,CreateUserService
FN:29,CreateUserService.execute
FNF:16
FNH:14
FNDA:2,__decorate
FNDA:2,__metadata
FNDA:6,__param
FNDA:7,__awaiter
FNDA:25,adopt
FNDA:25,fulfilled
FNDA:0,rejected
FNDA:31,step
FNDA:7,__generator
FNDA:25,sent
FNDA:0,g.<computed>
FNDA:21,verb
FNDA:32,step
FNDA:2,__importDefault
FNDA:7,CreateUserService
FNDA:7,CreateUserService.execute
DA:1,1
DA:2,1
DA:3,1
DA:4,1
DA:5,1
DA:6,1
DA:7,1
DA:8,1
DA:9,1
DA:10,1
DA:11,1
DA:12,1
DA:13,1
DA:14,1
DA:15,1
DA:16,1
DA:17,2
DA:18,2
DA:19,7
DA:20,7
DA:21,7
DA:22,7
DA:23,7
DA:24,7
DA:25,7
DA:26,7
DA:27,7
DA:28,2
DA:29,2
DA:30,7
DA:31,7
DA:32,7
DA:33,6
DA:34,6
DA:35,7
DA:36,7
DA:37,7
DA:38,7
DA:39,7
DA:40,7
DA:41,7
DA:42,7
DA:43,7
DA:44,7
DA:45,7
DA:46,2
DA:47,1
DA:48,1
LF:48
LH:48
BRDA:48,0,0,2
BRDA:48,1,0,2
BRDA:48,2,0,0
BRDA:48,3,0,0
BRDA:48,4,0,0
BRDA:48,5,0,0
BRDA:48,6,0,2
BRDA:48,7,0,6
BRDA:48,8,0,6
BRDA:48,9,0,7
BRDA:48,10,0,25
BRDA:48,11,0,0
BRDA:48,12,0,7
BRDA:48,13,0,25
BRDA:48,14,0,24
BRDA:48,15,0,1
BRDA:48,16,0,31
BRDA:48,17,0,6
BRDA:48,18,0,25
BRDA:48,19,0,7
BRDA:48,20,0,25
BRDA:48,21,0,0
BRDA:48,22,0,21
BRDA:48,23,0,32
BRDA:48,24,0,32
BRDA:48,25,0,0
BRDA:48,26,0,64
BRDA:48,27,0,0
BRDA:48,28,0,0
BRDA:48,29,0,0
BRDA:48,30,0,0
BRDA:48,31,0,32
BRDA:48,32,0,32
BRDA:48,33,0,25
BRDA:48,34,0,0
BRDA:48,35,0,0
BRDA:48,36,0,7
BRDA:48,37,0,0
BRDA:48,38,0,6
BRDA:48,39,0,0
BRDA:48,40,0,0
BRDA:48,41,0,0
BRDA:48,42,0,0
BRDA:48,43,0,44
BRDA:48,44,0,32
BRDA:48,45,0,31
BRDA:48,46,0,1
BRDA:48,47,0,32
BRDA:48,48,0,7
BRDA:48,49,0,1
BRDA:48,50,0,6
BRDA:48,51,0,0
BRDA:48,52,0,2
BRDA:48,53,0,0
BRDA:17,54,0,2
BRDA:18,55,0,7
BRDA:29,56,0,7
BRDA:48,57,0,7
BRDA:48,58,0,32
BRDA:30,59,0,7
BRDA:48,60,0,7
BRDA:32,61,0,1
BRDA:32,62,0,6
BRDA:48,63,0,6
BRDA:48,64,0,6
BRDA:48,65,0,6
BRF:66
BRH:46
end_of_record
TN:
SF:src/modules/users/services/ResetPasswordService.ts
FN:48,__decorate
FN:48,__metadata
FN:48,__param
FN:48,__awaiter
FN:48,adopt
FN:48,fulfilled
FN:48,rejected
FN:48,step
FN:48,__generator
FN:48,sent
FN:48,g.<computed>
FN:48,verb
FN:48,step
FN:48,__importDefault
FN:17,ResetPasswordService
FN:28,ResetPasswordService.execute
FNF:16
FNH:14
FNDA:1,__decorate
FNDA:1,__metadata
FNDA:3,__param
FNDA:4,__awaiter
FNDA:9,adopt
FNDA:9,fulfilled
FNDA:0,rejected
FNDA:10,step
FNDA:4,__generator
FNDA:9,sent
FNDA:0,g.<computed>
FNDA:12,verb
FNDA:13,step
FNDA:1,__importDefault
FNDA:4,ResetPasswordService
FNDA:4,ResetPasswordService.execute
DA:1,1
DA:2,1
DA:3,1
DA:4,1
DA:5,1
DA:6,1
DA:7,1
DA:8,1
DA:9,1
DA:10,1
DA:11,1
DA:12,1
DA:13,1
DA:14,1
DA:15,1
DA:16,1
DA:17,1
DA:18,4
DA:19,4
DA:20,4
DA:21,4
DA:22,4
DA:23,4
DA:24,4
DA:25,4
DA:26,4
DA:27,1
DA:28,1
DA:29,4
DA:30,4
DA:31,4
DA:32,3
DA:33,3
DA:34,4
DA:35,4
DA:36,2
DA:37,2
DA:38,2
DA:39,2
DA:40,4
DA:41,1
DA:42,1
DA:43,4
DA:44,4
DA:45,4
DA:46,1
DA:47,1
DA:48,1
LF:48
LH:48
BRDA:48,0,0,1
BRDA:48,1,0,1
BRDA:48,2,0,0
BRDA:48,3,0,0
BRDA:48,4,0,0
BRDA:48,5,0,0
BRDA:48,6,0,1
BRDA:48,7,0,3
BRDA:48,8,0,3
BRDA:48,9,0,4
BRDA:48,10,0,9
BRDA:48,11,0,0
BRDA:48,12,0,4
BRDA:48,13,0,9
BRDA:48,14,0,6
BRDA:48,15,0,3
BRDA:48,16,0,10
BRDA:48,17,0,1
BRDA:48,18,0,9
BRDA:48,19,0,4
BRDA:48,20,0,9
BRDA:48,21,0,0
BRDA:48,22,0,12
BRDA:48,23,0,13
BRDA:48,24,0,13
BRDA:48,25,0,0
BRDA:48,26,0,26
BRDA:48,27,0,0
BRDA:48,28,0,0
BRDA:48,29,0,0
BRDA:48,30,0,0
BRDA:48,31,0,13
BRDA:48,32,0,13
BRDA:48,33,0,9
BRDA:48,34,0,0
BRDA:48,35,0,0
BRDA:48,36,0,4
BRDA:48,37,0,0
BRDA:48,38,0,1
BRDA:48,39,0,0
BRDA:48,40,0,0
BRDA:48,41,0,0
BRDA:48,42,0,0
BRDA:48,43,0,13
BRDA:48,44,0,10
BRDA:48,45,0,3
BRDA:48,46,0,13
BRDA:48,47,0,4
BRDA:48,48,0,3
BRDA:48,49,0,1
BRDA:48,50,0,0
BRDA:48,51,0,1
BRDA:48,52,0,0
BRDA:16,53,0,1
BRDA:17,54,0,4
BRDA:28,55,0,4
BRDA:48,56,0,4
BRDA:48,57,0,13
BRDA:29,58,0,4
BRDA:48,59,0,4
BRDA:31,60,0,1
BRDA:31,61,0,3
BRDA:48,62,0,3
BRDA:35,63,0,1
BRDA:35,64,0,2
BRDA:40,65,0,1
BRDA:48,66,0,1
BRDA:48,67,0,1
BRF:68
BRH:48
end_of_record
TN:
SF:src/modules/users/services/SendForgotPasswordEmailService.ts
FN:58,__decorate
FN:58,__metadata
FN:58,__param
FN:58,__awaiter
FN:58,adopt
FN:58,fulfilled
FN:58,rejected
FN:58,step
FN:58,__generator
FN:58,sent
FN:58,g.<computed>
FN:58,verb
FN:58,step
FN:58,__importDefault
FN:16,SendForgotPasswordEmailService
FN:27,SendForgotPasswordEmailService.execute
FNF:16
FNH:14
FNDA:1,__decorate
FNDA:1,__metadata
FNDA:3,__param
FNDA:3,__awaiter
FNDA:7,adopt
FNDA:7,fulfilled
FNDA:0,rejected
FNDA:9,step
FNDA:3,__generator
FNDA:7,sent
FNDA:0,g.<computed>
FNDA:9,verb
FNDA:10,step
FNDA:2,__importDefault
FNDA:3,SendForgotPasswordEmailService
FNDA:3,SendForgotPasswordEmailService.execute
DA:1,1
DA:2,1
DA:3,1
DA:4,1
DA:5,1
DA:6,1
DA:7,1
DA:8,1
DA:9,1
DA:10,1
DA:11,1
DA:12,1
DA:13,1
DA:14,1
DA:15,1
DA:16,1
DA:17,3
DA:18,3
DA:19,3
DA:20,3
DA:21,3
DA:22,3
DA:23,3
DA:24,3
DA:25,3
DA:26,1
DA:27,1
DA:28,3
DA:29,3
DA:30,3
DA:31,2
DA:32,2
DA:33,3
DA:34,3
DA:35,3
DA:36,3
DA:37,3
DA:38,3
DA:39,3
DA:40,3
DA:41,3
DA:42,3
DA:43,3
DA:44,3
DA:45,3
DA:46,3
DA:47,3
DA:48,3
DA:49,3
DA:50,3
DA:51,3
DA:52,3
DA:53,3
DA:54,3
DA:55,3
DA:56,1
DA:57,1
DA:58,1
LF:58
LH:58
BRDA:58,0,0,1
BRDA:58,1,0,1
BRDA:58,2,0,0
BRDA:58,3,0,0
BRDA:58,4,0,0
BRDA:58,5,0,0
BRDA:58,6,0,1
BRDA:58,7,0,3
BRDA:58,8,0,3
BRDA:58,9,0,3
BRDA:58,10,0,7
BRDA:58,11,0,0
BRDA:58,12,0,3
BRDA:58,13,0,7
BRDA:58,14,0,6
BRDA:58,15,0,1
BRDA:58,16,0,9
BRDA:58,17,0,2
BRDA:58,18,0,7
BRDA:58,19,0,3
BRDA:58,20,0,7
BRDA:58,21,0,0
BRDA:58,22,0,9
BRDA:58,23,0,10
BRDA:58,24,0,10
BRDA:58,25,0,0
BRDA:58,26,0,20
BRDA:58,27,0,0
BRDA:58,28,0,0
BRDA:58,29,0,0
BRDA:58,30,0,0
BRDA:58,31,0,10
BRDA:58,32,0,10
BRDA:58,33,0,7
BRDA:58,34,0,0
BRDA:58,35,0,0
BRDA:58,36,0,3
BRDA:58,37,0,0
BRDA:58,38,0,2
BRDA:58,39,0,0
BRDA:58,40,0,0
BRDA:58,41,0,0
BRDA:58,42,0,0
BRDA:58,43,0,10
BRDA:58,44,0,9
BRDA:58,45,0,1
BRDA:58,46,0,10
BRDA:58,47,0,3
BRDA:58,48,0,1
BRDA:58,49,0,2
BRDA:58,50,0,0
BRDA:58,51,0,2
BRDA:58,52,0,1
BRDA:58,53,0,1
BRDA:15,54,0,1
BRDA:16,55,0,3
BRDA:27,56,0,3
BRDA:58,57,0,3
BRDA:58,58,0,10
BRDA:28,59,0,3
BRDA:58,60,0,3
BRDA:30,61,0,1
BRDA:30,62,0,2
BRDA:58,63,0,2
BRDA:58,64,0,2
BRF:65
BRH:46
end_of_record
TN:
SF:src/modules/users/services/ShowProfileService.ts
FN:28,__decorate
FN:28,__metadata
FN:28,__param
FN:28,__awaiter
FN:28,adopt
FN:28,fulfilled
FN:28,rejected
FN:28,step
FN:28,__generator
FN:28,sent
FN:28,g.<computed>
FN:28,verb
FN:28,step
FN:28,__importDefault
FN:14,ShowProfileService
FN:19,ShowProfileService.execute
FNF:16
FNH:14
FNDA:1,__decorate
FNDA:1,__metadata
FNDA:1,__param
FNDA:2,__awaiter
FNDA:2,adopt
FNDA:2,fulfilled
FNDA:0,rejected
FNDA:3,step
FNDA:2,__generator
FNDA:2,sent
FNDA:0,g.<computed>
FNDA:6,verb
FNDA:4,step
FNDA:1,__importDefault
FNDA:2,ShowProfileService
FNDA:2,ShowProfileService.execute
DA:1,1
DA:2,1
DA:3,1
DA:4,1
DA:5,1
DA:6,1
DA:7,1
DA:8,1
DA:9,1
DA:10,1
DA:11,1
DA:12,1
DA:13,1
DA:14,1
DA:15,2
DA:16,2
DA:17,2
DA:18,1
DA:19,1
DA:20,2
DA:21,2
DA:22,2
DA:23,1
DA:24,1
DA:25,2
DA:26,1
DA:27,1
DA:28,1
LF:28
LH:28
BRDA:28,0,0,1
BRDA:28,1,0,1
BRDA:28,2,0,0
BRDA:28,3,0,0
BRDA:28,4,0,0
BRDA:28,5,0,0
BRDA:28,6,0,1
BRDA:28,7,0,1
BRDA:28,8,0,1
BRDA:28,9,0,2
BRDA:28,10,0,2
BRDA:28,11,0,0
BRDA:28,12,0,2
BRDA:28,13,0,2
BRDA:28,14,0,1
BRDA:28,15,0,3
BRDA:28,16,0,1
BRDA:28,17,0,2
BRDA:28,18,0,2
BRDA:28,19,0,2
BRDA:28,20,0,0
BRDA:28,21,0,6
BRDA:28,22,0,4
BRDA:28,23,0,4
BRDA:28,24,0,0
BRDA:28,25,0,8
BRDA:28,26,0,0
BRDA:28,27,0,0
BRDA:28,28,0,0
BRDA:28,29,0,0
BRDA:28,30,0,4
BRDA:28,31,0,4
BRDA:28,32,0,2
BRDA:28,33,0,0
BRDA:28,34,0,0
BRDA:28,35,0,2
BRDA:28,36,0,0
BRDA:28,37,0,1
BRDA:28,38,0,0
BRDA:28,39,0,0
BRDA:28,40,0,0
BRDA:28,41,0,0
BRDA:28,42,0,4
BRDA:28,43,0,3
BRDA:28,44,0,1
BRDA:28,45,0,4
BRDA:28,46,0,2
BRDA:28,47,0,1
BRDA:28,48,0,0
BRDA:28,49,0,1
BRDA:28,50,0,0
BRDA:13,51,0,1
BRDA:14,52,0,2
BRDA:19,53,0,2
BRDA:28,54,0,2
BRDA:28,55,0,4
BRDA:20,56,0,2
BRDA:28,57,0,2
BRDA:22,58,0,1
BRF:59
BRH:39
end_of_record
TN:
SF:src/modules/users/services/UpdateProfileService.ts
FN:66,__decorate
FN:66,__metadata
FN:66,__param
FN:66,__awaiter
FN:66,adopt
FN:66,fulfilled
FN:66,rejected
FN:66,step
FN:66,__generator
FN:66,sent
FN:66,g.<computed>
FN:66,verb
FN:66,step
FN:66,__importDefault
FN:19,UpdateProfileService
FN:27,UpdateProfileService.execute
FNF:16
FNH:14
FNDA:1,__decorate
FNDA:1,__metadata
FNDA:2,__param
FNDA:6,__awaiter
FNDA:14,adopt
FNDA:14,fulfilled
FNDA:0,rejected
FNDA:16,step
FNDA:6,__generator
FNDA:14,sent
FNDA:0,g.<computed>
FNDA:18,verb
FNDA:20,step
FNDA:1,__importDefault
FNDA:6,UpdateProfileService
FNDA:6,UpdateProfileService.execute
DA:1,1
DA:2,1
DA:3,1
DA:4,1
DA:5,1
DA:6,1
DA:7,1
DA:8,1
DA:9,1
DA:10,1
DA:11,1
DA:12,1
DA:13,1
DA:14,1
DA:15,1
DA:16,1
DA:17,1
DA:18,1
DA:19,1
DA:20,6
DA:21,6
DA:22,6
DA:23,6
DA:24,6
DA:25,6
DA:26,1
DA:27,1
DA:28,6
DA:29,6
DA:30,6
DA:31,6
DA:32,6
DA:33,6
DA:34,6
DA:35,6
DA:36,6
DA:37,5
DA:38,5
DA:39,6
DA:40,6
DA:41,6
DA:42,4
DA:43,4
DA:44,4
DA:45,4
DA:46,6
DA:47,6
DA:48,1
DA:49,1
DA:50,3
DA:51,6
DA:52,2
DA:53,2
DA:54,2
DA:55,2
DA:56,6
DA:57,6
DA:58,1
DA:59,1
DA:60,6
DA:61,6
DA:62,6
DA:63,6
DA:64,1
DA:65,1
DA:66,1
LF:66
LH:66
BRDA:66,0,0,1
BRDA:66,1,0,1
BRDA:66,2,0,0
BRDA:66,3,0,0
BRDA:66,4,0,0
BRDA:66,5,0,0
BRDA:66,6,0,1
BRDA:66,7,0,2
BRDA:66,8,0,2
BRDA:66,9,0,6
BRDA:66,10,0,14
BRDA:66,11,0,0
BRDA:66,12,0,6
BRDA:66,13,0,14
BRDA:66,14,0,10
BRDA:66,15,0,4
BRDA:66,16,0,16
BRDA:66,17,0,2
BRDA:66,18,0,14
BRDA:66,19,0,6
BRDA:66,20,0,14
BRDA:66,21,0,0
BRDA:66,22,0,18
BRDA:66,23,0,20
BRDA:66,24,0,20
BRDA:66,25,0,0
BRDA:66,26,0,41
BRDA:66,27,0,0
BRDA:66,28,0,0
BRDA:66,29,0,0
BRDA:66,30,0,0
BRDA:66,31,0,20
BRDA:66,32,0,20
BRDA:66,33,0,14
BRDA:66,34,0,0
BRDA:66,35,0,0
BRDA:66,36,0,7
BRDA:66,37,0,0
BRDA:66,38,0,3
BRDA:66,39,0,6
BRDA:66,40,0,1
BRDA:66,41,0,0
BRDA:66,42,0,1
BRDA:66,43,0,0
BRDA:66,44,0,0
BRDA:66,45,0,0
BRDA:66,46,0,21
BRDA:66,47,0,17
BRDA:66,48,0,4
BRDA:66,49,0,21
BRDA:66,50,0,6
BRDA:66,51,0,4
BRDA:66,52,0,2
BRDA:66,53,0,0
BRDA:66,54,0,1
BRDA:66,55,0,0
BRDA:18,56,0,1
BRDA:19,57,0,6
BRDA:27,58,0,6
BRDA:66,59,0,6
BRDA:66,60,0,21
BRDA:34,61,0,6
BRDA:66,62,0,6
BRDA:36,63,0,1
BRDA:36,64,0,5
BRDA:66,65,0,5
BRDA:40,66,0,1
BRDA:41,67,0,1
BRDA:41,68,0,4
BRDA:46,69,0,3
BRDA:47,70,0,1
BRDA:49,71,0,3
BRDA:51,72,0,2
BRDA:51,73,0,1
BRDA:51,74,0,2
BRDA:66,75,0,2
BRDA:57,76,0,1
BRDA:66,77,0,1
BRDA:62,78,0,2
BRF:79
BRH:59
end_of_record
TN:
SF:src/modules/users/services/UpdateUserAvatarService.ts
FN:44,__decorate
FN:44,__metadata
FN:44,__param
FN:44,__awaiter
FN:44,adopt
FN:44,fulfilled
FN:44,rejected
FN:44,step
FN:44,__generator
FN:44,sent
FN:44,g.<computed>
FN:44,verb
FN:44,step
FN:44,__importDefault
FN:16,UpdateUserAvatarService
FN:24,UpdateUserAvatarService.execute
FNF:16
FNH:14
FNDA:1,__decorate
FNDA:1,__metadata
FNDA:2,__param
FNDA:4,__awaiter
FNDA:11,adopt
FNDA:11,fulfilled
FNDA:0,rejected
FNDA:14,step
FNDA:4,__generator
FNDA:11,sent
FNDA:0,g.<computed>
FNDA:12,verb
FNDA:15,step
FNDA:1,__importDefault
FNDA:3,UpdateUserAvatarService
FNDA:4,UpdateUserAvatarService.execute
DA:1,1
DA:2,1
DA:3,1
DA:4,1
DA:5,1
DA:6,1
DA:7,1
DA:8,1
DA:9,1
DA:10,1
DA:11,1
DA:12,1
DA:13,1
DA:14,1
DA:15,1
DA:16,1
DA:17,3
DA:18,3
DA:19,3
DA:20,3
DA:21,3
DA:22,3
DA:23,1
DA:24,1
DA:25,4
DA:26,4
DA:27,4
DA:28,4
DA:29,3
DA:30,3
DA:31,1
DA:32,4
DA:33,4
DA:34,4
DA:35,4
DA:36,4
DA:37,4
DA:38,4
DA:39,4
DA:40,4
DA:41,4
DA:42,1
DA:43,1
DA:44,1
LF:44
LH:44
BRDA:44,0,0,1
BRDA:44,1,0,1
BRDA:44,2,0,0
BRDA:44,3,0,0
BRDA:44,4,0,0
BRDA:44,5,0,0
BRDA:44,6,0,1
BRDA:44,7,0,2
BRDA:44,8,0,2
BRDA:44,9,0,4
BRDA:44,10,0,11
BRDA:44,11,0,0
BRDA:44,12,0,4
BRDA:44,13,0,11
BRDA:44,14,0,10
BRDA:44,15,0,1
BRDA:44,16,0,14
BRDA:44,17,0,3
BRDA:44,18,0,11
BRDA:44,19,0,4
BRDA:44,20,0,11
BRDA:44,21,0,0
BRDA:44,22,0,12
BRDA:44,23,0,15
BRDA:44,24,0,15
BRDA:44,25,0,0
BRDA:44,26,0,32
BRDA:44,27,0,0
BRDA:44,28,0,0
BRDA:44,29,0,0
BRDA:44,30,0,0
BRDA:44,31,0,15
BRDA:44,32,0,15
BRDA:44,33,0,11
BRDA:44,34,0,0
BRDA:44,35,0,0
BRDA:44,36,0,6
BRDA:44,37,0,0
BRDA:44,38,0,5
BRDA:44,39,0,4
BRDA:44,40,0,2
BRDA:44,41,0,0
BRDA:44,42,0,2
BRDA:44,43,0,0
BRDA:44,44,0,0
BRDA:44,45,0,0
BRDA:44,46,0,17
BRDA:44,47,0,16
BRDA:44,48,0,1
BRDA:44,49,0,17
BRDA:44,50,0,4
BRDA:44,51,0,1
BRDA:44,52,0,3
BRDA:44,53,0,0
BRDA:44,54,0,1
BRDA:44,55,0,0
BRDA:15,56,0,1
BRDA:16,57,0,3
BRDA:24,58,0,4
BRDA:44,59,0,4
BRDA:44,60,0,17
BRDA:25,61,0,4
BRDA:44,62,0,4
BRDA:28,63,0,1
BRDA:28,64,0,3
BRDA:30,65,0,2
BRDA:30,66,0,1
BRDA:44,67,0,1
BRDA:34,68,0,3
BRDA:44,69,0,3
BRDA:44,70,0,3
BRF:71
BRH:51
end_of_record
